2026-06-16T22:01:39.886968-0300 INFO Chamando func'pipeline_kpi_vendas_consolidado' com args ('data', ['csv']) e kwargs {} utils_log.py leonardoewbank
2026-06-16T22:01:39.887060-0300 INFO Chamando func'extrair_dados_e_consolidar' com args ('data',) e kwargs {} utils_log.py leonardoewbank
2026-06-16T22:01:39.916232-0300 INFO Função 'extrair_dados_e_consolidar' retornou             Produto    Categoria  Quantidade  Venda        Data
0    Notebook Gamer  Eletrônicos           7   1500  2023-01-16
1     Mouse Sem Fio  Eletrônicos          10     30  2023-01-16
2  Teclado Mecânico  Eletrônicos           3    100  2023-01-16
3    Notebook Gamer  Eletrônicos           2   1500  2023-01-17
4     Mouse Sem Fio  Eletrônicos          14     30  2023-01-17
5  Teclado Mecânico  Eletrônicos           2    100  2023-01-17
6    Notebook Gamer  Eletrônicos           3   1500  2023-01-15
7     Mouse Sem Fio  Eletrônicos          10     30  2023-01-15
8  Teclado Mecânico  Eletrônicos           5    100  2023-01-15 utils_log.py leonardoewbank
2026-06-16T22:01:39.917475-0300 INFO Chamando func'calcular_kpi_de_total_de_vendas' com args (            Produto    Categoria  Quantidade  Venda        Data
0    Notebook Gamer  Eletrônicos           7   1500  2023-01-16
1     Mouse Sem Fio  Eletrônicos          10     30  2023-01-16
2  Teclado Mecânico  Eletrônicos           3    100  2023-01-16
3    Notebook Gamer  Eletrônicos           2   1500  2023-01-17
4     Mouse Sem Fio  Eletrônicos          14     30  2023-01-17
5  Teclado Mecânico  Eletrônicos           2    100  2023-01-17
6    Notebook Gamer  Eletrônicos           3   1500  2023-01-15
7     Mouse Sem Fio  Eletrônicos          10     30  2023-01-15
8  Teclado Mecânico  Eletrônicos           5    100  2023-01-15,) e kwargs {} utils_log.py leonardoewbank
2026-06-16T22:01:39.920418-0300 INFO Função 'calcular_kpi_de_total_de_vendas' retornou             Produto    Categoria  Quantidade  Venda        Data  Total
0    Notebook Gamer  Eletrônicos           7   1500  2023-01-16  10500
1     Mouse Sem Fio  Eletrônicos          10     30  2023-01-16    300
2  Teclado Mecânico  Eletrônicos           3    100  2023-01-16    300
3    Notebook Gamer  Eletrônicos           2   1500  2023-01-17   3000
4     Mouse Sem Fio  Eletrônicos          14     30  2023-01-17    420
5  Teclado Mecânico  Eletrônicos           2    100  2023-01-17    200
6    Notebook Gamer  Eletrônicos           3   1500  2023-01-15   4500
7     Mouse Sem Fio  Eletrônicos          10     30  2023-01-15    300
8  Teclado Mecânico  Eletrônicos           5    100  2023-01-15    500 utils_log.py leonardoewbank
2026-06-16T22:01:39.921689-0300 INFO Chamando func'salvar_dados' com args (['csv', 'parquet'],             Produto    Categoria  Quantidade  Venda        Data  Total
0    Notebook Gamer  Eletrônicos           7   1500  2023-01-16  10500
1     Mouse Sem Fio  Eletrônicos          10     30  2023-01-16    300
2  Teclado Mecânico  Eletrônicos           3    100  2023-01-16    300
3    Notebook Gamer  Eletrônicos           2   1500  2023-01-17   3000
4     Mouse Sem Fio  Eletrônicos          14     30  2023-01-17    420
5  Teclado Mecânico  Eletrônicos           2    100  2023-01-17    200
6    Notebook Gamer  Eletrônicos           3   1500  2023-01-15   4500
7     Mouse Sem Fio  Eletrônicos          10     30  2023-01-15    300
8  Teclado Mecânico  Eletrônicos           5    100  2023-01-15    500) e kwargs {} utils_log.py leonardoewbank
2026-06-16T22:01:39.974150-0300 INFO Função 'salvar_dados' retornou None utils_log.py leonardoewbank
2026-06-16T22:01:39.974249-0300 INFO Função 'pipeline_kpi_vendas_consolidado' retornou None utils_log.py leonardoewbank
